21-08-2023 17:43:30.879 [main] INFO  c.cg.EmployeesHrmsManjiriApplication.logStarting - Starting EmployeesHrmsManjiriApplication using Java 17.0.7 with PID 5336 (D:\CG_Self_Eval_4_Aug_2023\SpringBootJWT_JPA\EmployeesHRMS_Manjiri\target\classes started by manji in D:\CG_Self_Eval_4_Aug_2023\SpringBootJWT_JPA\EmployeesHRMS_Manjiri)
21-08-2023 17:43:30.884 [main] INFO  c.cg.EmployeesHrmsManjiriApplication.logStartupProfileInfo - No active profile set, falling back to 1 default profile: "default"
21-08-2023 17:43:31.454 [main] INFO  o.s.d.r.c.RepositoryConfigurationDelegate.registerRepositoriesIn - Bootstrapping Spring Data JPA repositories in DEFAULT mode.
21-08-2023 17:43:31.519 [main] INFO  o.s.d.r.c.RepositoryConfigurationDelegate.registerRepositoriesIn - Finished Spring Data repository scanning in 57 ms. Found 7 JPA repository interfaces.
21-08-2023 17:43:31.940 [main] INFO  o.s.b.w.e.tomcat.TomcatWebServer.initialize - Tomcat initialized with port(s): 8082 (http)
21-08-2023 17:43:31.951 [main] INFO  o.a.catalina.core.StandardService.log - Starting service [Tomcat]
21-08-2023 17:43:31.951 [main] INFO  o.a.catalina.core.StandardEngine.log - Starting Servlet engine: [Apache Tomcat/10.1.11]
21-08-2023 17:43:32.039 [main] INFO  o.a.c.c.C.[Tomcat].[localhost].[/].log - Initializing Spring embedded WebApplicationContext
21-08-2023 17:43:32.039 [main] INFO  o.s.b.w.s.c.ServletWebServerApplicationContext.prepareWebApplicationContext - Root WebApplicationContext: initialization completed in 1112 ms
21-08-2023 17:43:32.132 [main] INFO  o.h.jpa.internal.util.LogHelper.logPersistenceUnitInformation - HHH000204: Processing PersistenceUnitInfo [name: default]
21-08-2023 17:43:32.203 [main] INFO  org.hibernate.Version.logVersion - HHH000412: Hibernate ORM core version 6.2.6.Final
21-08-2023 17:43:32.206 [main] INFO  org.hibernate.cfg.Environment.<clinit> - HHH000406: Using bytecode reflection optimizer
21-08-2023 17:43:32.356 [main] INFO  o.h.b.i.BytecodeProviderInitiator.buildBytecodeProvider - HHH000021: Bytecode provider name : bytebuddy
21-08-2023 17:43:32.506 [main] INFO  o.s.o.j.p.SpringPersistenceUnitInfo.addTransformer - No LoadTimeWeaver setup: ignoring JPA class transformer
21-08-2023 17:43:32.525 [main] INFO  com.zaxxer.hikari.HikariDataSource.getConnection - HikariPool-1 - Starting...
21-08-2023 17:43:32.748 [main] INFO  com.zaxxer.hikari.pool.HikariPool.checkFailFast - HikariPool-1 - Added connection com.mysql.cj.jdbc.ConnectionImpl@14201a90
21-08-2023 17:43:32.750 [main] INFO  com.zaxxer.hikari.HikariDataSource.getConnection - HikariPool-1 - Start completed.
21-08-2023 17:43:32.776 [main] WARN  org.hibernate.orm.deprecation.logSelectedDialect - HHH90000026: MySQL8Dialect has been deprecated; use org.hibernate.dialect.MySQLDialect instead
21-08-2023 17:43:33.030 [main] INFO  o.h.b.i.BytecodeProviderInitiator.buildBytecodeProvider - HHH000021: Bytecode provider name : bytebuddy
21-08-2023 17:43:33.832 [main] INFO  o.h.e.t.j.p.i.JtaPlatformInitiator.initiateService - HHH000490: Using JtaPlatform implementation: [org.hibernate.engine.transaction.jta.platform.internal.NoJtaPlatform]
21-08-2023 17:43:33.836 [main] INFO  o.s.o.j.LocalContainerEntityManagerFactoryBean.buildNativeEntityManagerFactory - Initialized JPA EntityManagerFactory for persistence unit 'default'
21-08-2023 17:43:34.024 [main] INFO  o.s.d.j.r.query.QueryEnhancerFactory.<clinit> - Hibernate is in classpath; If applicable, HQL parser will be used.
21-08-2023 17:43:34.464 [main] WARN  o.s.b.a.o.j.JpaBaseConfiguration$JpaWebConfiguration.openEntityManagerInViewInterceptor - spring.jpa.open-in-view is enabled by default. Therefore, database queries may be performed during view rendering. Explicitly configure spring.jpa.open-in-view to disable this warning
21-08-2023 17:43:35.116 [main] INFO  o.s.s.web.DefaultSecurityFilterChain.<init> - Will secure any request with [org.springframework.security.web.session.DisableEncodeUrlFilter@98bae1e, org.springframework.security.web.context.request.async.WebAsyncManagerIntegrationFilter@6224872f, org.springframework.security.web.context.SecurityContextHolderFilter@8922006, org.springframework.security.web.header.HeaderWriterFilter@dd7b622, org.springframework.web.filter.CorsFilter@222e5e72, org.springframework.security.web.authentication.logout.LogoutFilter@b8812fb, com.cg.security.JwtRequestFilter@7e7f72, org.springframework.security.web.savedrequest.RequestCacheAwareFilter@13cdfd26, org.springframework.security.web.servletapi.SecurityContextHolderAwareRequestFilter@7327dba0, org.springframework.security.web.authentication.AnonymousAuthenticationFilter@419e46bb, org.springframework.security.web.session.SessionManagementFilter@46ce6678, org.springframework.security.web.access.ExceptionTranslationFilter@61f9cab2, org.springframework.security.web.access.intercept.AuthorizationFilter@18161415]
21-08-2023 17:43:35.303 [main] INFO  o.s.b.w.e.tomcat.TomcatWebServer.start - Tomcat started on port(s): 8082 (http) with context path ''
21-08-2023 17:43:35.312 [main] INFO  c.cg.EmployeesHrmsManjiriApplication.logStarted - Started EmployeesHrmsManjiriApplication in 4.755 seconds (process running for 5.301)
21-08-2023 17:48:29.464 [http-nio-8082-exec-1] INFO  o.a.c.c.C.[Tomcat].[localhost].[/].log - Initializing Spring DispatcherServlet 'dispatcherServlet'
21-08-2023 17:48:29.465 [http-nio-8082-exec-1] INFO  o.s.web.servlet.DispatcherServlet.initServletBean - Initializing Servlet 'dispatcherServlet'
21-08-2023 17:48:29.467 [http-nio-8082-exec-1] INFO  o.s.web.servlet.DispatcherServlet.initServletBean - Completed initialization in 2 ms
21-08-2023 17:48:30.058 [http-nio-8082-exec-1] ERROR com.cg.advice.ExceptionAdvice.handleAuthenticationException - Invalid Credential!! Authentication Failed
21-08-2023 17:48:44.090 [http-nio-8082-exec-4] INFO  com.cg.security.JwtUtil.createToken - Issued Date is Mon Aug 21 17:48:44 IST 2023 ,1692620324090
21-08-2023 17:48:44.091 [http-nio-8082-exec-4] INFO  com.cg.security.JwtUtil.createToken - Token expiring on 1692638324090 , Date = Mon Aug 21 22:48:44 IST 2023
21-08-2023 17:50:21.340 [http-nio-8082-exec-6] ERROR com.cg.advice.ExceptionAdvice.handleAuthenticationException - Invalid Credential!! Authentication Failed
21-08-2023 17:51:14.296 [http-nio-8082-exec-7] INFO  com.cg.security.JwtUtil.createToken - Issued Date is Mon Aug 21 17:51:14 IST 2023 ,1692620474296
21-08-2023 17:51:14.296 [http-nio-8082-exec-7] INFO  com.cg.security.JwtUtil.createToken - Token expiring on 1692638474296 , Date = Mon Aug 21 22:51:14 IST 2023
21-08-2023 17:52:47.301 [http-nio-8082-exec-10] ERROR com.cg.advice.ExceptionAdvice.generalHandler1 - org.springframework.http.converter.HttpMessageNotReadableException: JSON parse error: Cannot deserialize value of type `java.time.LocalDate` from String "9999=01-01": Failed to deserialize java.time.LocalDate: (java.time.format.DateTimeParseException) Text '9999=01-01' could not be parsed at index 4 Cannot deserialize value of type `java.time.LocalDate` from String "9999=01-01": Failed to deserialize java.time.LocalDate: (java.time.format.DateTimeParseException) Text '9999=01-01' could not be parsed at index 4
 at [Source: (org.springframework.util.StreamUtils$NonClosingInputStream); line: 7, column: 14] (through reference chain: com.cg.entity.DeptEmpProducerS["toDate"])Text '9999=01-01' could not be parsed at index 4
21-08-2023 17:53:05.143 [http-nio-8082-exec-1] ERROR com.cg.advice.ExceptionAdvice.invalidDataHandler - Invalid From Date
21-08-2023 17:54:23.986 [http-nio-8082-exec-5] ERROR com.cg.advice.ExceptionAdvice.handleAuthenticationException - Invalid Credential!! Authentication Failed
21-08-2023 17:54:54.040 [http-nio-8082-exec-3] ERROR com.cg.advice.ExceptionAdvice.invalidDataHandler - Record exist. Please assign different Department
21-08-2023 17:55:08.377 [http-nio-8082-exec-6] ERROR com.cg.advice.ExceptionAdvice.invalidDataHandler - Record exist. Please assign different Department
21-08-2023 17:55:24.472 [http-nio-8082-exec-9] ERROR com.cg.advice.ExceptionAdvice.invalidDataHandler - Invalid From Date
21-08-2023 17:58:19.651 [http-nio-8082-exec-2] ERROR com.cg.advice.ExceptionAdvice.handleAuthenticationException - Invalid Credential!! Authentication Failed
21-08-2023 17:59:03.149 [http-nio-8082-exec-1] ERROR com.cg.advice.ExceptionAdvice.invalidDataHandler - Invalid From Date
21-08-2023 17:59:18.995 [http-nio-8082-exec-5] WARN  o.h.e.jdbc.spi.SqlExceptionHelper.logExceptions - SQL Error: 1062, SQLState: 23000
21-08-2023 17:59:18.996 [http-nio-8082-exec-5] ERROR o.h.e.jdbc.spi.SqlExceptionHelper.logExceptions - Duplicate entry '6-d002' for key 'dept_emp.PRIMARY'
21-08-2023 17:59:19.008 [http-nio-8082-exec-5] ERROR com.cg.advice.ExceptionAdvice.generalHandler1 - org.springframework.dao.DataIntegrityViolationException: could not execute statement [Duplicate entry '6-d002' for key 'dept_emp.PRIMARY'] [insert into dept_emp (from_date,to_date,dept_no,emp_no) values (?,?,?,?)]; SQL [insert into dept_emp (from_date,to_date,dept_no,emp_no) values (?,?,?,?)]; constraint [dept_emp.PRIMARY] could not execute statement [Duplicate entry '6-d002' for key 'dept_emp.PRIMARY'] [insert into dept_emp (from_date,to_date,dept_no,emp_no) values (?,?,?,?)]Duplicate entry '6-d002' for key 'dept_emp.PRIMARY'
21-08-2023 17:59:38.487 [http-nio-8082-exec-7] ERROR com.cg.advice.ExceptionAdvice.handleAuthenticationException - Invalid Credential!! Authentication Failed
21-08-2023 18:03:16.002 [http-nio-8082-exec-9] ERROR com.cg.advice.ExceptionAdvice.handleAuthenticationException - Invalid Credential!! Authentication Failed
21-08-2023 18:05:47.450 [RMI TCP Connection(33)-127.0.0.1] INFO  o.s.b.a.SpringApplicationAdminMXBeanRegistrar$SpringApplicationAdmin.shutdown - Application shutdown requested.
21-08-2023 18:05:47.464 [RMI TCP Connection(33)-127.0.0.1] INFO  o.a.catalina.core.StandardService.log - Stopping service [Tomcat]
21-08-2023 18:05:47.465 [RMI TCP Connection(33)-127.0.0.1] INFO  o.a.c.c.C.[Tomcat].[localhost].[/].log - Destroying Spring FrameworkServlet 'dispatcherServlet'
21-08-2023 18:05:47.471 [RMI TCP Connection(33)-127.0.0.1] WARN  o.a.c.loader.WebappClassLoaderBase.log - The web application [ROOT] appears to have started a thread named [HikariPool-1 housekeeper] but has failed to stop it. This is very likely to create a memory leak. Stack trace of thread:
 java.base@17.0.7/jdk.internal.misc.Unsafe.park(Native Method)
 java.base@17.0.7/java.util.concurrent.locks.LockSupport.parkNanos(LockSupport.java:252)
 java.base@17.0.7/java.util.concurrent.locks.AbstractQueuedSynchronizer$ConditionObject.awaitNanos(AbstractQueuedSynchronizer.java:1672)
 java.base@17.0.7/java.util.concurrent.ScheduledThreadPoolExecutor$DelayedWorkQueue.take(ScheduledThreadPoolExecutor.java:1182)
 java.base@17.0.7/java.util.concurrent.ScheduledThreadPoolExecutor$DelayedWorkQueue.take(ScheduledThreadPoolExecutor.java:899)
 java.base@17.0.7/java.util.concurrent.ThreadPoolExecutor.getTask(ThreadPoolExecutor.java:1062)
 java.base@17.0.7/java.util.concurrent.ThreadPoolExecutor.runWorker(ThreadPoolExecutor.java:1122)
 java.base@17.0.7/java.util.concurrent.ThreadPoolExecutor$Worker.run(ThreadPoolExecutor.java:635)
 java.base@17.0.7/java.lang.Thread.run(Thread.java:833)
21-08-2023 18:05:47.479 [RMI TCP Connection(33)-127.0.0.1] INFO  o.s.o.j.LocalContainerEntityManagerFactoryBean.destroy - Closing JPA EntityManagerFactory for persistence unit 'default'
21-08-2023 18:05:47.482 [RMI TCP Connection(33)-127.0.0.1] INFO  com.zaxxer.hikari.HikariDataSource.close - HikariPool-1 - Shutdown initiated...
21-08-2023 18:05:47.492 [RMI TCP Connection(33)-127.0.0.1] INFO  com.zaxxer.hikari.HikariDataSource.close - HikariPool-1 - Shutdown completed.
21-08-2023 18:05:59.623 [main] INFO  c.cg.EmployeesHrmsManjiriApplication.logStarting - Starting EmployeesHrmsManjiriApplication using Java 17.0.7 with PID 20244 (D:\CG_Self_Eval_4_Aug_2023\SpringBootJWT_JPA\EmployeesHRMS_Manjiri\target\classes started by manji in D:\CG_Self_Eval_4_Aug_2023\SpringBootJWT_JPA\EmployeesHRMS_Manjiri)
21-08-2023 18:05:59.626 [main] INFO  c.cg.EmployeesHrmsManjiriApplication.logStartupProfileInfo - No active profile set, falling back to 1 default profile: "default"
21-08-2023 18:06:00.162 [main] INFO  o.s.d.r.c.RepositoryConfigurationDelegate.registerRepositoriesIn - Bootstrapping Spring Data JPA repositories in DEFAULT mode.
21-08-2023 18:06:00.226 [main] INFO  o.s.d.r.c.RepositoryConfigurationDelegate.registerRepositoriesIn - Finished Spring Data repository scanning in 56 ms. Found 7 JPA repository interfaces.
21-08-2023 18:06:00.638 [main] INFO  o.s.b.w.e.tomcat.TomcatWebServer.initialize - Tomcat initialized with port(s): 8082 (http)
21-08-2023 18:06:00.650 [main] INFO  o.a.catalina.core.StandardService.log - Starting service [Tomcat]
21-08-2023 18:06:00.650 [main] INFO  o.a.catalina.core.StandardEngine.log - Starting Servlet engine: [Apache Tomcat/10.1.11]
21-08-2023 18:06:00.744 [main] INFO  o.a.c.c.C.[Tomcat].[localhost].[/].log - Initializing Spring embedded WebApplicationContext
21-08-2023 18:06:00.744 [main] INFO  o.s.b.w.s.c.ServletWebServerApplicationContext.prepareWebApplicationContext - Root WebApplicationContext: initialization completed in 1081 ms
21-08-2023 18:06:00.841 [main] INFO  o.h.jpa.internal.util.LogHelper.logPersistenceUnitInformation - HHH000204: Processing PersistenceUnitInfo [name: default]
21-08-2023 18:06:00.913 [main] INFO  org.hibernate.Version.logVersion - HHH000412: Hibernate ORM core version 6.2.6.Final
21-08-2023 18:06:00.915 [main] INFO  org.hibernate.cfg.Environment.<clinit> - HHH000406: Using bytecode reflection optimizer
21-08-2023 18:06:01.084 [main] INFO  o.h.b.i.BytecodeProviderInitiator.buildBytecodeProvider - HHH000021: Bytecode provider name : bytebuddy
21-08-2023 18:06:01.216 [main] INFO  o.s.o.j.p.SpringPersistenceUnitInfo.addTransformer - No LoadTimeWeaver setup: ignoring JPA class transformer
21-08-2023 18:06:01.235 [main] INFO  com.zaxxer.hikari.HikariDataSource.getConnection - HikariPool-1 - Starting...
21-08-2023 18:06:01.466 [main] INFO  com.zaxxer.hikari.pool.HikariPool.checkFailFast - HikariPool-1 - Added connection com.mysql.cj.jdbc.ConnectionImpl@760a2b6e
21-08-2023 18:06:01.468 [main] INFO  com.zaxxer.hikari.HikariDataSource.getConnection - HikariPool-1 - Start completed.
21-08-2023 18:06:01.491 [main] WARN  org.hibernate.orm.deprecation.logSelectedDialect - HHH90000026: MySQL8Dialect has been deprecated; use org.hibernate.dialect.MySQLDialect instead
21-08-2023 18:06:01.747 [main] INFO  o.h.b.i.BytecodeProviderInitiator.buildBytecodeProvider - HHH000021: Bytecode provider name : bytebuddy
21-08-2023 18:06:02.387 [main] INFO  o.h.e.t.j.p.i.JtaPlatformInitiator.initiateService - HHH000490: Using JtaPlatform implementation: [org.hibernate.engine.transaction.jta.platform.internal.NoJtaPlatform]
21-08-2023 18:06:02.390 [main] INFO  o.s.o.j.LocalContainerEntityManagerFactoryBean.buildNativeEntityManagerFactory - Initialized JPA EntityManagerFactory for persistence unit 'default'
21-08-2023 18:06:02.574 [main] INFO  o.s.d.j.r.query.QueryEnhancerFactory.<clinit> - Hibernate is in classpath; If applicable, HQL parser will be used.
21-08-2023 18:06:02.986 [main] WARN  o.s.b.a.o.j.JpaBaseConfiguration$JpaWebConfiguration.openEntityManagerInViewInterceptor - spring.jpa.open-in-view is enabled by default. Therefore, database queries may be performed during view rendering. Explicitly configure spring.jpa.open-in-view to disable this warning
21-08-2023 18:06:03.635 [main] INFO  o.s.s.web.DefaultSecurityFilterChain.<init> - Will secure any request with [org.springframework.security.web.session.DisableEncodeUrlFilter@1bff70a6, org.springframework.security.web.context.request.async.WebAsyncManagerIntegrationFilter@256edef4, org.springframework.security.web.context.SecurityContextHolderFilter@156290d9, org.springframework.security.web.header.HeaderWriterFilter@4015ebf1, org.springframework.web.filter.CorsFilter@3d8bf514, org.springframework.security.web.authentication.logout.LogoutFilter@30ff3726, com.cg.security.JwtRequestFilter@589dac96, org.springframework.security.web.savedrequest.RequestCacheAwareFilter@58b53c53, org.springframework.security.web.servletapi.SecurityContextHolderAwareRequestFilter@3e9afede, org.springframework.security.web.authentication.AnonymousAuthenticationFilter@52a42e0f, org.springframework.security.web.session.SessionManagementFilter@3cc0efa2, org.springframework.security.web.access.ExceptionTranslationFilter@3fde6c3b, org.springframework.security.web.access.intercept.AuthorizationFilter@50ea4eaa]
21-08-2023 18:06:03.809 [main] INFO  o.s.b.w.e.tomcat.TomcatWebServer.start - Tomcat started on port(s): 8082 (http) with context path ''
21-08-2023 18:06:03.818 [main] INFO  c.cg.EmployeesHrmsManjiriApplication.logStarted - Started EmployeesHrmsManjiriApplication in 4.504 seconds (process running for 5.067)
21-08-2023 18:06:26.089 [http-nio-8082-exec-3] INFO  o.a.c.c.C.[Tomcat].[localhost].[/].log - Initializing Spring DispatcherServlet 'dispatcherServlet'
21-08-2023 18:06:26.089 [http-nio-8082-exec-3] INFO  o.s.web.servlet.DispatcherServlet.initServletBean - Initializing Servlet 'dispatcherServlet'
21-08-2023 18:06:26.093 [http-nio-8082-exec-3] INFO  o.s.web.servlet.DispatcherServlet.initServletBean - Completed initialization in 2 ms
21-08-2023 18:06:26.463 [http-nio-8082-exec-3] INFO  com.cg.security.JwtUtil.createToken - Issued Date is Mon Aug 21 18:06:26 IST 2023 ,1692621386463
21-08-2023 18:06:26.463 [http-nio-8082-exec-3] INFO  com.cg.security.JwtUtil.createToken - Token expiring on 1692639386463 , Date = Mon Aug 21 23:06:26 IST 2023
21-08-2023 18:07:55.618 [RMI TCP Connection(10)-127.0.0.1] INFO  o.s.b.a.SpringApplicationAdminMXBeanRegistrar$SpringApplicationAdmin.shutdown - Application shutdown requested.
21-08-2023 18:07:55.630 [RMI TCP Connection(10)-127.0.0.1] INFO  o.a.catalina.core.StandardService.log - Stopping service [Tomcat]
21-08-2023 18:07:55.631 [RMI TCP Connection(10)-127.0.0.1] INFO  o.a.c.c.C.[Tomcat].[localhost].[/].log - Destroying Spring FrameworkServlet 'dispatcherServlet'
21-08-2023 18:07:55.634 [RMI TCP Connection(10)-127.0.0.1] WARN  o.a.c.loader.WebappClassLoaderBase.log - The web application [ROOT] appears to have started a thread named [HikariPool-1 housekeeper] but has failed to stop it. This is very likely to create a memory leak. Stack trace of thread:
 java.base@17.0.7/jdk.internal.misc.Unsafe.park(Native Method)
 java.base@17.0.7/java.util.concurrent.locks.LockSupport.parkNanos(LockSupport.java:252)
 java.base@17.0.7/java.util.concurrent.locks.AbstractQueuedSynchronizer$ConditionObject.awaitNanos(AbstractQueuedSynchronizer.java:1672)
 java.base@17.0.7/java.util.concurrent.ScheduledThreadPoolExecutor$DelayedWorkQueue.take(ScheduledThreadPoolExecutor.java:1182)
 java.base@17.0.7/java.util.concurrent.ScheduledThreadPoolExecutor$DelayedWorkQueue.take(ScheduledThreadPoolExecutor.java:899)
 java.base@17.0.7/java.util.concurrent.ThreadPoolExecutor.getTask(ThreadPoolExecutor.java:1062)
 java.base@17.0.7/java.util.concurrent.ThreadPoolExecutor.runWorker(ThreadPoolExecutor.java:1122)
 java.base@17.0.7/java.util.concurrent.ThreadPoolExecutor$Worker.run(ThreadPoolExecutor.java:635)
 java.base@17.0.7/java.lang.Thread.run(Thread.java:833)
21-08-2023 18:07:55.640 [RMI TCP Connection(10)-127.0.0.1] INFO  o.s.o.j.LocalContainerEntityManagerFactoryBean.destroy - Closing JPA EntityManagerFactory for persistence unit 'default'
21-08-2023 18:07:55.641 [RMI TCP Connection(10)-127.0.0.1] INFO  com.zaxxer.hikari.HikariDataSource.close - HikariPool-1 - Shutdown initiated...
21-08-2023 18:07:55.651 [RMI TCP Connection(10)-127.0.0.1] INFO  com.zaxxer.hikari.HikariDataSource.close - HikariPool-1 - Shutdown completed.
